<?xml version="1.0" encoding="UTF-8"?>
<!-- Generated by org.testng.reporters.JUnitXMLReporter -->
<testsuite ignored="0" hostname="LAPTOP-LFLJDV2O" failures="0" tests="2" name="FirefoxTest" time="106.031" errors="0" timestamp="2025-07-16T12:22:58 IST">
  <testcase classname="gridproject.Grid_Login_TestCase_001" name="@AfterMethod browserquit" time="14.333">
    <failure type="org.openqa.selenium.WebDriverException" message="Timed out waiting for driver server to stop.
Build info: version: &amp;apos;4.30.0&amp;apos;, revision: &amp;apos;509c7f17cc*&amp;apos;
System info: os.name: &amp;apos;Windows 11&amp;apos;, os.arch: &amp;apos;amd64&amp;apos;, os.version: &amp;apos;10.0&amp;apos;, java.version: &amp;apos;21.0.7&amp;apos;
Driver info: org.openqa.selenium.firefox.FirefoxDriver
Command: [462d41a6-ae37-4f93-a473-cf4c8d40f36b, quit {}]
Capabilities {acceptInsecureCerts: true, browserName: firefox, browserVersion: 140.0.4, moz:accessibilityChecks: false, moz:buildID: 20250707120347, moz:geckodriverVersion: 0.36.0, moz:headless: false, moz:platformVersion: 10.0, moz:processID: 17672, moz:profile: C:\Users\PUBLIC~1\AppData\L..., moz:shutdownTimeout: 60000, moz:webdriverClick: true, moz:windowless: false, pageLoadStrategy: normal, platformName: windows, proxy: Proxy(), setWindowRect: true, strictFileInteractability: false, timeouts: {implicit: 0, pageLoad: 300000, script: 30000}, unhandledPromptBehavior: dismiss and notify, userAgent: Mozilla/5.0 (Windows NT 10....}">
      <![CDATA[org.openqa.selenium.WebDriverException: Timed out waiting for driver server to stop.
Build info: version: '4.30.0', revision: '509c7f17cc*'
System info: os.name: 'Windows 11', os.arch: 'amd64', os.version: '10.0', java.version: '21.0.7'
Driver info: org.openqa.selenium.firefox.FirefoxDriver
Command: [462d41a6-ae37-4f93-a473-cf4c8d40f36b, quit {}]
Capabilities {acceptInsecureCerts: true, browserName: firefox, browserVersion: 140.0.4, moz:accessibilityChecks: false, moz:buildID: 20250707120347, moz:geckodriverVersion: 0.36.0, moz:headless: false, moz:platformVersion: 10.0, moz:processID: 17672, moz:profile: C:\Users\PUBLIC~1\AppData\L..., moz:shutdownTimeout: 60000, moz:webdriverClick: true, moz:windowless: false, pageLoadStrategy: normal, platformName: windows, proxy: Proxy(), setWindowRect: true, strictFileInteractability: false, timeouts: {implicit: 0, pageLoad: 300000, script: 30000}, unhandledPromptBehavior: dismiss and notify, userAgent: Mozilla/5.0 (Windows NT 10....}
at org.openqa.selenium.remote.service.DriverCommandExecutor.execute(DriverCommandExecutor.java:164)
at org.openqa.selenium.remote.RemoteWebDriver.execute(RemoteWebDriver.java:545)
at org.openqa.selenium.remote.RemoteWebDriver.execute(RemoteWebDriver.java:618)
at org.openqa.selenium.remote.RemoteWebDriver.execute(RemoteWebDriver.java:622)
at org.openqa.selenium.remote.RemoteWebDriver.quit(RemoteWebDriver.java:446)
at org.openqa.selenium.firefox.FirefoxDriver.quit(FirefoxDriver.java:302)
at utilities.GridBrowsers.Quit(GridBrowsers.java:186)
at gridproject.Grid_Login_TestCase_001.browserquit(Grid_Login_TestCase_001.java:29)
at java.base/java.util.ArrayList.forEach(ArrayList.java:1596)
at java.base/java.util.concurrent.FutureTask.run(FutureTask.java:317)
at java.base/java.util.concurrent.ThreadPoolExecutor.runWorker(ThreadPoolExecutor.java:1144)
at java.base/java.util.concurrent.ThreadPoolExecutor$Worker.run(ThreadPoolExecutor.java:642)
at java.base/java.lang.Thread.run(Thread.java:1583)
Caused by: java.util.concurrent.ExecutionException: java.lang.NullPointerException: Cannot invoke "org.openqa.selenium.os.ExternalProcess.waitFor(java.time.Duration)" because "this.service.process" is null
at java.base/java.util.concurrent.CompletableFuture.reportGet(CompletableFuture.java:396)
at java.base/java.util.concurrent.CompletableFuture.get(CompletableFuture.java:2096)
at org.openqa.selenium.remote.service.DriverCommandExecutor.execute(DriverCommandExecutor.java:160)
... 32 more
Caused by: java.lang.NullPointerException: Cannot invoke "org.openqa.selenium.os.ExternalProcess.waitFor(java.time.Duration)" because "this.service.process" is null
at org.openqa.selenium.remote.service.DriverCommandExecutor.lambda$execute$2(DriverCommandExecutor.java:148)
at java.base/java.util.concurrent.CompletableFuture$AsyncSupply.run(CompletableFuture.java:1768)
... 3 more
... Removed 20 stack frames]]>
    </failure>
  </testcase> <!-- @AfterMethod browserquit -->
  <testcase classname="gridproject.Grid_Login_TestCase_001" name="scenario" time="48.315">
    <skipped/>
  </testcase> <!-- scenario -->
  <testcase classname="gridproject.Grid_Login_TestCase_001" name="scenario" time="38.917"/>
</testsuite> <!-- FirefoxTest -->
