<?xml version="1.0" encoding="UTF-8"?>
<!-- Generated by org.testng.reporters.JUnitXMLReporter -->
<testsuite ignored="0" hostname="LAPTOP-LFLJDV2O" failures="1" tests="2" name="Tests" time="3.682" errors="0" timestamp="2025-07-15T15:16:52 IST">
  <testcase classname="firstproject.Login_TestCase_1" name="@AfterMethod browserquit" time="2.336">
    <failure type="java.lang.NullPointerException" message="Cannot invoke &amp;quot;org.openqa.selenium.WebDriver.quit()&amp;quot; because &amp;quot;utilities.Browsers.driver&amp;quot; is null">
      <![CDATA[java.lang.NullPointerException: Cannot invoke "org.openqa.selenium.WebDriver.quit()" because "utilities.Browsers.driver" is null
at utilities.Browsers.Quit(Browsers.java:114)
at firstproject.Login_TestCase_1.browserquit(Login_TestCase_1.java:37)
at java.base/java.util.ArrayList.forEach(ArrayList.java:1596)
... Removed 30 stack frames]]>
    </failure>
  </testcase> <!-- @AfterMethod browserquit -->
  <testcase classname="firstproject.Login_TestCase_1" name="@BeforeMethod reports" time="0.0">
    <skipped/>
  </testcase> <!-- @BeforeMethod reports -->
  <testcase classname="firstproject.Login_TestCase_1" name="@AfterMethod browserquit" time="0.0">
    <skipped/>
  </testcase> <!-- @AfterMethod browserquit -->
  <testcase classname="firstproject.Login_TestCase_1" name="scenario2" time="0.075">
    <skipped/>
  </testcase> <!-- scenario2 -->
  <testcase classname="firstproject.Login_TestCase_1" name="scenario2" time="0.026">
    <failure type="java.lang.NullPointerException" message="Cannot invoke &amp;quot;java.util.Properties.getProperty(String)&amp;quot; because &amp;quot;firstproject.Login_TestCase_1.p&amp;quot; is null">
      <![CDATA[java.lang.NullPointerException: Cannot invoke "java.util.Properties.getProperty(String)" because "firstproject.Login_TestCase_1.p" is null
at firstproject.Login_TestCase_1.scenario2(Login_TestCase_1.java:28)
at java.base/java.util.ArrayList.forEach(ArrayList.java:1596)
... Removed 25 stack frames]]>
    </failure>
  </testcase> <!-- scenario2 -->
</testsuite> <!-- Tests -->
