<?xml version="1.0" encoding="UTF-8"?>
<!-- Generated by org.testng.reporters.JUnitXMLReporter -->
<testsuite ignored="0" hostname="LAPTOP-LFLJDV2O" failures="1" tests="2" name="TestCase_001" time="94.139" errors="0" timestamp="2025-07-16T12:46:16 IST">
  <testcase classname="gridproject.Grid_Login_TestCase_001" name="scenario" time="46.882">
    <skipped/>
  </testcase> <!-- scenario -->
  <testcase classname="gridproject.Grid_Login_TestCase_001" name="scenario" time="37.867">
    <failure type="java.lang.AssertionError" message="null">
      <![CDATA[java.lang.AssertionError: null
at pages.LogOutPage.LogOut(LogOutPage.java:39)
at gridproject.Grid_Login_TestCase_001.scenario(Grid_Login_TestCase_001.java:22)
at java.base/java.util.ArrayList.forEach(ArrayList.java:1596)
at java.base/java.util.concurrent.FutureTask.run(FutureTask.java:317)
at java.base/java.util.concurrent.ThreadPoolExecutor.runWorker(ThreadPoolExecutor.java:1144)
at java.base/java.util.concurrent.ThreadPoolExecutor$Worker.run(ThreadPoolExecutor.java:642)
at java.base/java.lang.Thread.run(Thread.java:1583)
... Removed 17 stack frames]]>
    </failure>
  </testcase> <!-- scenario -->
</testsuite> <!-- TestCase_001 -->
