<?xml version="1.0" encoding="UTF-8"?>
<testsuite xmlns:xsi="http://www.w3.org/2001/XMLSchema-instance" xsi:noNamespaceSchemaLocation="https://maven.apache.org/surefire/maven-surefire-plugin/xsd/surefire-test-report-3.0.xsd" version="3.0" name="TestSuite" time="69.836" tests="2" errors="0" skipped="0" failures="0">
  <properties>
[...]
</properties>
  <testcase name="scenario1[Chrome, Admin, admin123](1)" classname="firstproject.Login_TestCase_1" time="30.342">
    <system-out><![CDATA[Loaded properties file. URL is: https://opensource-demo.orangehrmlive.com/web/index.php/auth/login
Chrome Browser Started Successfully
]]></system-out>
    <system-err><![CDATA[Jul 15, 2025 3:40:12 PM org.openqa.selenium.devtools.CdpVersionFinder findNearestMatch
WARNING: Unable to find an exact match for CDP version 138, returning the closest version; found: 134; Please update to a Selenium version that supports CDP version 138
]]></system-err>
  </testcase>
  <testcase name="scenario2" classname="firstproject.Login_TestCase_1" time="28.214">
    <system-out><![CDATA[Browser Quit Scuccessfully
Firefox Browser Started Successfully
]]></system-out>
    <system-err><![CDATA[Jul 15, 2025 3:40:43 PM tech.grasshopper.reporter.annotation.FileAnnotationProcessor lambda$updateAttachments$0
SEVERE: Unable to create file annotation link
java.lang.NullPointerException
	at java.base/java.io.FileInputStream.<init>(FileInputStream.java:151)
	at java.base/java.io.FileInputStream.<init>(FileInputStream.java:112)
	at tech.grasshopper.reporter.annotation.FileAnnotationProcessor.lambda$updateAttachments$0(FileAnnotationProcessor.java:36)
	at java.base/java.util.ArrayList.forEach(ArrayList.java:1597)
	at tech.grasshopper.reporter.annotation.FileAnnotationProcessor.updateAttachments(FileAnnotationProcessor.java:29)
	at tech.grasshopper.reporter.ReportGenerator.processFileAnnotations(ReportGenerator.java:89)
	at tech.grasshopper.reporter.ReportGenerator.generate(ReportGenerator.java:68)
	at tech.grasshopper.reporter.ExtentPDFReporter.flush(ExtentPDFReporter.java:105)
	at tech.grasshopper.reporter.ExtentPDFReporter.access$100(ExtentPDFReporter.java:20)
	at tech.grasshopper.reporter.ExtentPDFReporter$1.onNext(ExtentPDFReporter.java:84)
	at tech.grasshopper.reporter.ExtentPDFReporter$1.onNext(ExtentPDFReporter.java:77)
	at io.reactivex.rxjava3.subjects.PublishSubject$PublishDisposable.onNext(PublishSubject.java:310)
	at io.reactivex.rxjava3.subjects.PublishSubject.onNext(PublishSubject.java:226)
	at com.aventstack.extentreports.ReactiveSubject.onFlush(ReactiveSubject.java:83)
	at com.aventstack.extentreports.AbstractProcessor.onFlush(AbstractProcessor.java:96)
	at com.aventstack.extentreports.ExtentReports.flush(ExtentReports.java:279)
	at utilities.AventStackReport.onFinish(AventStackReport.java:123)
	at firstproject.Login_TestCase_1.browserquit(Login_TestCase_1.java:36)
	at java.base/jdk.internal.reflect.DirectMethodHandleAccessor.invoke(DirectMethodHandleAccessor.java:103)
	at java.base/java.lang.reflect.Method.invoke(Method.java:580)
	at org.testng.internal.invokers.MethodInvocationHelper.invokeMethod(MethodInvocationHelper.java:139)
	at org.testng.internal.invokers.MethodInvocationHelper.invokeMethodConsideringTimeout(MethodInvocationHelper.java:69)
	at org.testng.internal.invokers.ConfigInvoker.invokeConfigurationMethod(ConfigInvoker.java:393)
	at org.testng.internal.invokers.ConfigInvoker.invokeConfigurations(ConfigInvoker.java:326)
	at org.testng.internal.invokers.TestInvoker.runConfigMethods(TestInvoker.java:810)
	at org.testng.internal.invokers.TestInvoker.runAfterConfigurations(TestInvoker.java:779)
	at org.testng.internal.invokers.TestInvoker.invokeMethod(TestInvoker.java:755)
	at org.testng.internal.invokers.TestInvoker.invokeTestMethod(TestInvoker.java:228)
	at org.testng.internal.invokers.MethodRunner.runInSequence(MethodRunner.java:63)
	at org.testng.internal.invokers.TestInvoker$MethodInvocationAgent.invoke(TestInvoker.java:961)
	at org.testng.internal.invokers.TestInvoker.invokeTestMethods(TestInvoker.java:201)
	at org.testng.internal.invokers.TestMethodWorker.invokeTestMethods(TestMethodWorker.java:148)
	at org.testng.internal.invokers.TestMethodWorker.run(TestMethodWorker.java:128)
	at java.base/java.util.ArrayList.forEach(ArrayList.java:1597)
	at org.testng.TestRunner.privateRun(TestRunner.java:819)
	at org.testng.TestRunner.run(TestRunner.java:619)
	at org.testng.SuiteRunner.runTest(SuiteRunner.java:443)
	at org.testng.SuiteRunner.runSequentially(SuiteRunner.java:437)
	at org.testng.SuiteRunner.privateRun(SuiteRunner.java:397)
	at org.testng.SuiteRunner.run(SuiteRunner.java:336)
	at org.testng.SuiteRunnerWorker.runSuite(SuiteRunnerWorker.java:52)
	at org.testng.SuiteRunnerWorker.run(SuiteRunnerWorker.java:95)
	at org.testng.TestNG.runSuitesSequentially(TestNG.java:1301)
	at org.testng.TestNG.runSuitesLocally(TestNG.java:1228)
	at org.testng.TestNG.runSuites(TestNG.java:1134)
	at org.testng.TestNG.run(TestNG.java:1101)
	at org.apache.maven.surefire.testng.TestNGExecutor.run(TestNGExecutor.java:284)
	at org.apache.maven.surefire.testng.TestNGXmlTestSuite.execute(TestNGXmlTestSuite.java:75)
	at org.apache.maven.surefire.testng.TestNGProvider.invoke(TestNGProvider.java:119)
	at org.apache.maven.surefire.booter.ForkedBooter.runSuitesInProcess(ForkedBooter.java:428)
	at org.apache.maven.surefire.booter.ForkedBooter.execute(ForkedBooter.java:162)
	at org.apache.maven.surefire.booter.ForkedBooter.run(ForkedBooter.java:562)
	at org.apache.maven.surefire.booter.ForkedBooter.main(ForkedBooter.java:548)

Jul 15, 2025 3:40:43 PM tech.grasshopper.reporter.annotation.FileAnnotationProcessor lambda$updateAttachments$0
SEVERE: Unable to create file annotation link
java.lang.NullPointerException
	at java.base/java.io.FileInputStream.<init>(FileInputStream.java:151)
	at java.base/java.io.FileInputStream.<init>(FileInputStream.java:112)
	at tech.grasshopper.reporter.annotation.FileAnnotationProcessor.lambda$updateAttachments$0(FileAnnotationProcessor.java:36)
	at java.base/java.util.ArrayList.forEach(ArrayList.java:1597)
	at tech.grasshopper.reporter.annotation.FileAnnotationProcessor.updateAttachments(FileAnnotationProcessor.java:29)
	at tech.grasshopper.reporter.ReportGenerator.processFileAnnotations(ReportGenerator.java:89)
	at tech.grasshopper.reporter.ReportGenerator.generate(ReportGenerator.java:68)
	at tech.grasshopper.reporter.ExtentPDFReporter.flush(ExtentPDFReporter.java:105)
	at tech.grasshopper.reporter.ExtentPDFReporter.access$100(ExtentPDFReporter.java:20)
	at tech.grasshopper.reporter.ExtentPDFReporter$1.onNext(ExtentPDFReporter.java:84)
	at tech.grasshopper.reporter.ExtentPDFReporter$1.onNext(ExtentPDFReporter.java:77)
	at io.reactivex.rxjava3.subjects.PublishSubject$PublishDisposable.onNext(PublishSubject.java:310)
	at io.reactivex.rxjava3.subjects.PublishSubject.onNext(PublishSubject.java:226)
	at com.aventstack.extentreports.ReactiveSubject.onFlush(ReactiveSubject.java:83)
	at com.aventstack.extentreports.AbstractProcessor.onFlush(AbstractProcessor.java:96)
	at com.aventstack.extentreports.ExtentReports.flush(ExtentReports.java:279)
	at utilities.AventStackReport.onFinish(AventStackReport.java:123)
	at firstproject.Login_TestCase_1.browserquit(Login_TestCase_1.java:36)
	at java.base/jdk.internal.reflect.DirectMethodHandleAccessor.invoke(DirectMethodHandleAccessor.java:103)
	at java.base/java.lang.reflect.Method.invoke(Method.java:580)
	at org.testng.internal.invokers.MethodInvocationHelper.invokeMethod(MethodInvocationHelper.java:139)
	at org.testng.internal.invokers.MethodInvocationHelper.invokeMethodConsideringTimeout(MethodInvocationHelper.java:69)
	at org.testng.internal.invokers.ConfigInvoker.invokeConfigurationMethod(ConfigInvoker.java:393)
	at org.testng.internal.invokers.ConfigInvoker.invokeConfigurations(ConfigInvoker.java:326)
	at org.testng.internal.invokers.TestInvoker.runConfigMethods(TestInvoker.java:810)
	at org.testng.internal.invokers.TestInvoker.runAfterConfigurations(TestInvoker.java:779)
	at org.testng.internal.invokers.TestInvoker.invokeMethod(TestInvoker.java:755)
	at org.testng.internal.invokers.TestInvoker.invokeTestMethod(TestInvoker.java:228)
	at org.testng.internal.invokers.MethodRunner.runInSequence(MethodRunner.java:63)
	at org.testng.internal.invokers.TestInvoker$MethodInvocationAgent.invoke(TestInvoker.java:961)
	at org.testng.internal.invokers.TestInvoker.invokeTestMethods(TestInvoker.java:201)
	at org.testng.internal.invokers.TestMethodWorker.invokeTestMethods(TestMethodWorker.java:148)
	at org.testng.internal.invokers.TestMethodWorker.run(TestMethodWorker.java:128)
	at java.base/java.util.ArrayList.forEach(ArrayList.java:1597)
	at org.testng.TestRunner.privateRun(TestRunner.java:819)
	at org.testng.TestRunner.run(TestRunner.java:619)
	at org.testng.SuiteRunner.runTest(SuiteRunner.java:443)
	at org.testng.SuiteRunner.runSequentially(SuiteRunner.java:437)
	at org.testng.SuiteRunner.privateRun(SuiteRunner.java:397)
	at org.testng.SuiteRunner.run(SuiteRunner.java:336)
	at org.testng.SuiteRunnerWorker.runSuite(SuiteRunnerWorker.java:52)
	at org.testng.SuiteRunnerWorker.run(SuiteRunnerWorker.java:95)
	at org.testng.TestNG.runSuitesSequentially(TestNG.java:1301)
	at org.testng.TestNG.runSuitesLocally(TestNG.java:1228)
	at org.testng.TestNG.runSuites(TestNG.java:1134)
	at org.testng.TestNG.run(TestNG.java:1101)
	at org.apache.maven.surefire.testng.TestNGExecutor.run(TestNGExecutor.java:284)
	at org.apache.maven.surefire.testng.TestNGXmlTestSuite.execute(TestNGXmlTestSuite.java:75)
	at org.apache.maven.surefire.testng.TestNGProvider.invoke(TestNGProvider.java:119)
	at org.apache.maven.surefire.booter.ForkedBooter.runSuitesInProcess(ForkedBooter.java:428)
	at org.apache.maven.surefire.booter.ForkedBooter.execute(ForkedBooter.java:162)
	at org.apache.maven.surefire.booter.ForkedBooter.run(ForkedBooter.java:562)
	at org.apache.maven.surefire.booter.ForkedBooter.main(ForkedBooter.java:548)

]]></system-err>
  </testcase>
</testsuite>