<?xml version="1.0" encoding="UTF-8"?>
<testng-results ignored="0" total="2" passed="2" failed="0" skipped="0">
  <reporter-output>
  </reporter-output>
  <suite started-at="2025-07-15T15:51:23 IST" name="Suite" finished-at="2025-07-15T15:53:16 IST" duration-ms="112381">
    <groups>
    </groups>
    <test started-at="2025-07-15T15:51:23 IST" name="Tests1" finished-at="2025-07-15T15:52:30 IST" duration-ms="66747">
      <class name="firstproject.Login_TestCase_1">
        <test-method is-config="true" signature="reports()[pri:0, instance:firstproject.Login_TestCase_1@3af4e0bf]" started-at="2025-07-15T15:51:25 IST" name="reports" finished-at="2025-07-15T15:51:25 IST" duration-ms="361" status="PASS">
          <reporter-output>
          </reporter-output>
        </test-method> <!-- reports -->
        <test-method signature="scenario(java.lang.String,java.lang.String,java.lang.String)[pri:0, instance:firstproject.Login_TestCase_1@3af4e0bf]" started-at="2025-07-15T15:51:25 IST" name="scenario" data-provider="dp1" finished-at="2025-07-15T15:52:27 IST" duration-ms="62045" status="PASS">
          <params>
            <param index="0">
              <value>
                <![CDATA[Chrome]]>
              </value>
            </param>
            <param index="1">
              <value>
                <![CDATA[Admin]]>
              </value>
            </param>
            <param index="2">
              <value>
                <![CDATA[admin123]]>
              </value>
            </param>
          </params>
          <reporter-output>
          </reporter-output>
        </test-method> <!-- scenario -->
        <test-method is-config="true" signature="browserquit()[pri:0, instance:firstproject.Login_TestCase_1@3af4e0bf]" started-at="2025-07-15T15:52:27 IST" name="browserquit" finished-at="2025-07-15T15:52:30 IST" duration-ms="3114" status="PASS">
          <reporter-output>
          </reporter-output>
        </test-method> <!-- browserquit -->
      </class> <!-- firstproject.Login_TestCase_1 -->
    </test> <!-- Tests1 -->
    <test started-at="2025-07-15T15:52:30 IST" name="Tests2" finished-at="2025-07-15T15:53:16 IST" duration-ms="45602">
      <class name="firstproject.Login_TestCase_2">
        <test-method is-config="true" signature="reports()[pri:0, instance:firstproject.Login_TestCase_2@5c77053b]" started-at="2025-07-15T15:52:30 IST" name="reports" finished-at="2025-07-15T15:52:30 IST" duration-ms="188" status="PASS">
          <reporter-output>
          </reporter-output>
        </test-method> <!-- reports -->
        <test-method signature="scenario()[pri:0, instance:firstproject.Login_TestCase_2@5c77053b]" started-at="2025-07-15T15:52:30 IST" name="scenario" finished-at="2025-07-15T15:53:14 IST" duration-ms="43193" status="PASS">
          <reporter-output>
          </reporter-output>
        </test-method> <!-- scenario -->
        <test-method is-config="true" signature="browserquit()[pri:0, instance:firstproject.Login_TestCase_2@5c77053b]" started-at="2025-07-15T15:53:14 IST" name="browserquit" finished-at="2025-07-15T15:53:16 IST" duration-ms="2205" status="PASS">
          <reporter-output>
          </reporter-output>
        </test-method> <!-- browserquit -->
      </class> <!-- firstproject.Login_TestCase_2 -->
    </test> <!-- Tests2 -->
  </suite> <!-- Suite -->
</testng-results>
